<?xml version="1.0" encoding="UTF-8"?>
<!-- Generated by org.testng.reporters.JUnitReportReporter -->
<testsuite hostname="INBook_X1" failures="0" tests="3" name="Practice3_Package.HowAnnotationWorks" time="0.013" errors="0" timestamp="2023-01-10T17:45:00 IST" skipped="0">
  <testcase classname="Practice3_Package.HowAnnotationWorks" name="create" time="0.009"/>
  <system-out/>
  <testcase classname="Practice3_Package.HowAnnotationWorks" name="update" time="0.003"/>
  <system-out/>
  <testcase classname="Practice3_Package.HowAnnotationWorks" name="delete" time="0.001"/>
  <system-out/>
</testsuite> <!-- Practice3_Package.HowAnnotationWorks -->
