<?xml version="1.0" encoding="UTF-8"?>
<!-- Generated by org.testng.reporters.JUnitReportReporter -->
<testsuite hostname="INBook_X1" failures="0" tests="3" name="Practice3_Package.DummyTestNg" time="0.000" errors="0" timestamp="2023-01-10T17:45:00 IST" skipped="0">
  <testcase classname="Practice3_Package.DummyTestNg" name="update" time="0.000"/>
  <system-out/>
  <testcase classname="Practice3_Package.DummyTestNg" name="create" time="0.000"/>
  <system-out/>
  <testcase classname="Practice3_Package.DummyTestNg" name="create" time="0.000"/>
  <system-out/>
</testsuite> <!-- Practice3_Package.DummyTestNg -->
