<?xml version="1.0" encoding="UTF-8"?>
<!-- Generated by org.testng.reporters.JUnitReportReporter -->
<testsuite hostname="INBook_X1" failures="0" tests="3" name="Practice3_Package.DataProviderFromExcelTest" time="0.004" errors="0" timestamp="2023-01-10T17:45:00 IST" skipped="0">
  <testcase classname="Practice3_Package.DataProviderFromExcelTest" name="readData" time="0.001"/>
  <system-out>
    <![CDATA[Ranchi----->Romania]]>
  </system-out>
  <testcase classname="Practice3_Package.DataProviderFromExcelTest" name="readData" time="0.001"/>
  <system-out>
    <![CDATA[Banglore----->Bangkok]]>
  </system-out>
  <testcase classname="Practice3_Package.DataProviderFromExcelTest" name="readData" time="0.002"/>
  <system-out>
    <![CDATA[Patna----->Pakistan]]>
  </system-out>
</testsuite> <!-- Practice3_Package.DataProviderFromExcelTest -->
