<?xml version="1.0" encoding="UTF-8"?>
<!-- Generated by org.testng.reporters.JUnitReportReporter -->
<testsuite hostname="INBook_X1" failures="0" tests="3" name="Practice3_Package.SampleTestForBatchExecTest2" time="0.003" errors="0" timestamp="2023-01-12T17:25:46 IST" skipped="0">
  <testcase classname="Practice3_Package.SampleTestForBatchExecTest2" name="test6" time="0.000"/>
  <system-out>
    <![CDATA[test6-----> Testscript execution started
test6----->Testscript execution successful]]>
  </system-out>
  <testcase classname="Practice3_Package.SampleTestForBatchExecTest2" name="test5" time="0.002"/>
  <system-out>
    <![CDATA[test5-----> Testscript execution started
test5----->Testscript execution successful]]>
  </system-out>
  <testcase classname="Practice3_Package.SampleTestForBatchExecTest2" name="test4" time="0.001"/>
  <system-out>
    <![CDATA[test4-----> Testscript execution started
test4----->Testscript execution successful]]>
  </system-out>
</testsuite> <!-- Practice3_Package.SampleTestForBatchExecTest2 -->
